<?xml version="1.0" encoding="UTF-8"?>
<coverage generated="1522231441571" clover="3.2.0">
  <project timestamp="1522231441572" name="All files">
    <metrics statements="4" coveredstatements="3" conditionals="0" coveredconditionals="0" methods="3" coveredmethods="2" elements="7" coveredelements="5" complexity="0" loc="4" ncloc="4" packages="1" files="1" classes="1">
      <file name="controller.js" path="/Users/kanisornsutham/Projects/luna/luna-api/api/hello/controller.js">
        <metrics statements="4" coveredstatements="3" conditionals="0" coveredconditionals="0" methods="3" coveredmethods="2"/>
        <line num="1" count="1" type="stmt"/>
        <line num="3" count="1" type="stmt"/>
        <line num="9" count="1" type="stmt"/>
        <line num="15" count="0" type="stmt"/>
      </file>
    </metrics>
  </project>
</coverage>
